2015-07-07 15:29:16,531 - [INFO] - from play in pool-4-thread-4 
Listening for HTTP on /0:0:0:0:0:0:0:0:9000

2015-07-07 15:30:56,934 - [INFO] - from play in play-internal-execution-context-1 
database [default] connected at jdbc:postgresql://localhost:5432/postgres

2015-07-07 15:31:00,858 - [INFO] - from play in play-internal-execution-context-1 
Application started (Dev)

2015-07-07 15:36:25,050 - [ERROR] - from application in New I/O worker #1 


! @6ml9jigbk - Internal server error, for (GET) [/getSection?f053ed13-bf3a-404f-97d7-b73893aecb2d] ->

play.PlayExceptions$CompilationException: Compilation error[';' expected but string literal found.]
	at play.PlayExceptions$CompilationException$.apply(PlayExceptions.scala:27) ~[na:na]
	at play.PlayExceptions$CompilationException$.apply(PlayExceptions.scala:27) ~[na:na]
	at scala.Option.map(Option.scala:145) ~[scala-library-2.10.5.jar:na]
	at play.PlayReload$$anonfun$taskFailureHandler$1.apply(PlayReload.scala:49) ~[na:na]
	at play.PlayReload$$anonfun$taskFailureHandler$1.apply(PlayReload.scala:44) ~[na:na]
	at scala.Option.map(Option.scala:145) ~[scala-library-2.10.5.jar:na]
	at play.PlayReload$.taskFailureHandler(PlayReload.scala:44) ~[na:na]
	at play.PlayReload$.compileFailure(PlayReload.scala:40) ~[na:na]
	at play.PlayReload$$anonfun$compile$1.apply(PlayReload.scala:17) ~[na:na]
	at play.PlayReload$$anonfun$compile$1.apply(PlayReload.scala:17) ~[na:na]
	at scala.util.Either$LeftProjection.map(Either.scala:377) ~[scala-library-2.10.5.jar:na]
	at play.PlayReload$.compile(PlayReload.scala:17) ~[na:na]
	at play.PlayRun$$anonfun$playRunTask$1$$anonfun$apply$2$$anonfun$apply$3$$anonfun$2.apply(PlayRun.scala:62) ~[na:na]
	at play.PlayRun$$anonfun$playRunTask$1$$anonfun$apply$2$$anonfun$apply$3$$anonfun$2.apply(PlayRun.scala:62) ~[na:na]
	at play.runsupport.Reloader.reload(Reloader.scala:295) ~[na:na]
	at play.core.ReloadableApplication$$anonfun$get$1.apply(ApplicationProvider.scala:122) ~[play_2.10-2.3.9.jar:2.3.9]
	at play.core.ReloadableApplication$$anonfun$get$1.apply(ApplicationProvider.scala:120) ~[play_2.10-2.3.9.jar:2.3.9]
	at scala.concurrent.impl.Future$PromiseCompletingRunnable.liftedTree1$1(Future.scala:24) ~[scala-library-2.10.5.jar:na]
	at scala.concurrent.impl.Future$PromiseCompletingRunnable.run(Future.scala:24) ~[scala-library-2.10.5.jar:na]
	at scala.concurrent.forkjoin.ForkJoinTask$AdaptedRunnableAction.exec(ForkJoinTask.java:1361) ~[scala-library-2.10.5.jar:na]
	at scala.concurrent.forkjoin.ForkJoinTask.doExec(ForkJoinTask.java:260) ~[scala-library-2.10.5.jar:na]
	at scala.concurrent.forkjoin.ForkJoinPool$WorkQueue.runTask(ForkJoinPool.java:1339) ~[scala-library-2.10.5.jar:na]
	at scala.concurrent.forkjoin.ForkJoinPool.runWorker(ForkJoinPool.java:1979) ~[scala-library-2.10.5.jar:na]
	at scala.concurrent.forkjoin.ForkJoinWorkerThread.run(ForkJoinWorkerThread.java:107) ~[scala-library-2.10.5.jar:na]

2015-07-07 15:36:26,862 - [ERROR] - from application in New I/O worker #1 


! @6ml9jij3j - Internal server error, for (GET) [/getSection?f053ed13-bf3a-404f-97d7-b73893aecb2d] ->

play.PlayExceptions$CompilationException: Compilation error[';' expected but string literal found.]
	at play.PlayExceptions$CompilationException$.apply(PlayExceptions.scala:27) ~[na:na]
	at play.PlayExceptions$CompilationException$.apply(PlayExceptions.scala:27) ~[na:na]
	at scala.Option.map(Option.scala:145) ~[scala-library-2.10.5.jar:na]
	at play.PlayReload$$anonfun$taskFailureHandler$1.apply(PlayReload.scala:49) ~[na:na]
	at play.PlayReload$$anonfun$taskFailureHandler$1.apply(PlayReload.scala:44) ~[na:na]
	at scala.Option.map(Option.scala:145) ~[scala-library-2.10.5.jar:na]
	at play.PlayReload$.taskFailureHandler(PlayReload.scala:44) ~[na:na]
	at play.PlayReload$.compileFailure(PlayReload.scala:40) ~[na:na]
	at play.PlayReload$$anonfun$compile$1.apply(PlayReload.scala:17) ~[na:na]
	at play.PlayReload$$anonfun$compile$1.apply(PlayReload.scala:17) ~[na:na]
	at scala.util.Either$LeftProjection.map(Either.scala:377) ~[scala-library-2.10.5.jar:na]
	at play.PlayReload$.compile(PlayReload.scala:17) ~[na:na]
	at play.PlayRun$$anonfun$playRunTask$1$$anonfun$apply$2$$anonfun$apply$3$$anonfun$2.apply(PlayRun.scala:62) ~[na:na]
	at play.PlayRun$$anonfun$playRunTask$1$$anonfun$apply$2$$anonfun$apply$3$$anonfun$2.apply(PlayRun.scala:62) ~[na:na]
	at play.runsupport.Reloader.reload(Reloader.scala:295) ~[na:na]
	at play.core.ReloadableApplication$$anonfun$get$1.apply(ApplicationProvider.scala:122) ~[play_2.10-2.3.9.jar:2.3.9]
	at play.core.ReloadableApplication$$anonfun$get$1.apply(ApplicationProvider.scala:120) ~[play_2.10-2.3.9.jar:2.3.9]
	at scala.concurrent.impl.Future$PromiseCompletingRunnable.liftedTree1$1(Future.scala:24) ~[scala-library-2.10.5.jar:na]
	at scala.concurrent.impl.Future$PromiseCompletingRunnable.run(Future.scala:24) ~[scala-library-2.10.5.jar:na]
	at scala.concurrent.forkjoin.ForkJoinTask$AdaptedRunnableAction.exec(ForkJoinTask.java:1361) ~[scala-library-2.10.5.jar:na]
	at scala.concurrent.forkjoin.ForkJoinTask.doExec(ForkJoinTask.java:260) ~[scala-library-2.10.5.jar:na]
	at scala.concurrent.forkjoin.ForkJoinPool$WorkQueue.runTask(ForkJoinPool.java:1339) ~[scala-library-2.10.5.jar:na]
	at scala.concurrent.forkjoin.ForkJoinPool.runWorker(ForkJoinPool.java:1979) ~[scala-library-2.10.5.jar:na]
	at scala.concurrent.forkjoin.ForkJoinWorkerThread.run(ForkJoinWorkerThread.java:107) ~[scala-library-2.10.5.jar:na]

2015-07-07 15:40:03,000 - [INFO] - from play in play-internal-execution-context-1 
database [default] connected at jdbc:postgresql://localhost:5432/postgres

2015-07-07 15:40:03,527 - [INFO] - from play in play-internal-execution-context-1 
Application started (Dev)

2015-07-07 15:46:36,323 - [INFO] - from play in play-internal-execution-context-1 
database [default] connected at jdbc:postgresql://localhost:5432/postgres

2015-07-07 15:46:36,738 - [INFO] - from play in play-internal-execution-context-1 
Application started (Dev)

2015-07-07 15:48:09,400 - [INFO] - from play in play-internal-execution-context-1 
database [default] connected at jdbc:postgresql://localhost:5432/postgres

2015-07-07 15:48:09,770 - [INFO] - from play in play-internal-execution-context-1 
Application started (Dev)

2015-07-07 15:57:29,536 - [INFO] - from play in play-internal-execution-context-1 
database [default] connected at jdbc:postgresql://localhost:5432/postgres

2015-07-07 15:57:29,843 - [INFO] - from play in play-internal-execution-context-1 
Application started (Dev)

